
数据库删除失败！时间2017-12-19 17:03:04
 位置：D:\wamp64\www\pc3\App\Home\Controller\SystemController.class.php第48行
 详情：3条数据删除失败。共3条数据

数据库删除失败！时间2017-12-19 17:04:32
 位置：D:\wamp64\www\pc3\App\Home\Controller\SystemController.class.php第48行
 详情：3条数据删除失败。共3条数据

数据库删除失败！时间2017-12-19 17:04:40
 位置：D:\wamp64\www\pc3\App\Home\Controller\SystemController.class.php第48行
 详情：3条数据删除失败。共3条数据


 位置:D:\wamp64\www\pc3\App\Home\Controller\SystemController.class.php第32行

表名或数据id没有传过来。时间:2017-12-19 17:37:12
 位置:D:\wamp64\www\pc3\App\Home\Controller\SystemController.class.php第32行


数据库删除失败！时间2017-12-20 08:32:08
 位置：D:\wamp64\www\pc3\App\Home\Controller\SystemController.class.php第49行
 详情：1条数据删除失败。共1条数据


数据库删除失败！时间2017-12-20 08:32:14
 位置：D:\wamp64\www\pc3\App\Home\Controller\SystemController.class.php第49行
 详情：1条数据删除失败。共1条数据


数据库删除失败！时间2017-12-26 15:10:42
 位置：D:\wamp64\www\pc3\App\Home\Controller\SystemController.class.php第49行
 详情：1条数据删除失败。共2条数据


数据库删除失败！时间2017-12-26 15:11:35
 位置：D:\wamp64\www\pc3\App\Home\Controller\SystemController.class.php第49行
 详情：1条数据删除失败。共1条数据


数据库删除失败！时间2017-12-27 09:00:40
 位置：D:\wamp64\www\pc3\App\Home\Controller\SystemController.class.php第49行
 详情：1条数据删除失败。共1条数据
